Determining if the pthread_create exist failed with the following output:
Change Dir: /home/hcr-student/hcr/human_centered_robotics/catkin_ws/build/CMakeFiles/CMakeTmp

Run Build Command:"/usr/bin/make" "cmTC_a1be1/fast"
/usr/bin/make -f CMakeFiles/cmTC_a1be1.dir/build.make CMakeFiles/cmTC_a1be1.dir/build
make[1]: Entering directory '/home/hcr-student/hcr/human_centered_robotics/catkin_ws/build/CMakeFiles/CMakeTmp'
Building C object CMakeFiles/cmTC_a1be1.dir/CheckSymbolExists.c.o
/usr/bin/cc    -o CMakeFiles/cmTC_a1be1.dir/CheckSymbolExists.c.o   -c /home/hcr-student/hcr/human_centered_robotics/catkin_ws/build/CMakeFiles/CMakeTmp/CheckSymbolExists.c
Linking C executable cmTC_a1be1
/usr/bin/cmake -E cmake_link_script CMakeFiles/cmTC_a1be1.dir/link.txt --verbose=1
/usr/bin/cc      -rdynamic CMakeFiles/cmTC_a1be1.dir/CheckSymbolExists.c.o  -o cmTC_a1be1 
CMakeFiles/cmTC_a1be1.dir/CheckSymbolExists.c.o: In function `main':
CheckSymbolExists.c:(.text+0x1b): undefined reference to `pthread_create'
collect2: error: ld returned 1 exit status
CMakeFiles/cmTC_a1be1.dir/build.make:97: recipe for target 'cmTC_a1be1' failed
make[1]: *** [cmTC_a1be1] Error 1
make[1]: Leaving directory '/home/hcr-student/hcr/human_centered_robotics/catkin_ws/build/CMakeFiles/CMakeTmp'
Makefile:126: recipe for target 'cmTC_a1be1/fast' failed
make: *** [cmTC_a1be1/fast] Error 2

File /home/hcr-student/hcr/human_centered_robotics/catkin_ws/build/CMakeFiles/CMakeTmp/CheckSymbolExists.c:
/* */
#include <pthread.h>

int main(int argc, char** argv)
{
  (void)argv;
#ifndef pthread_create
  return ((int*)(&pthread_create))[argc];
#else
  (void)argc;
  return 0;
#endif
}

Determining if the function pthread_create exists in the pthreads failed with the following output:
Change Dir: /home/hcr-student/hcr/human_centered_robotics/catkin_ws/build/CMakeFiles/CMakeTmp

Run Build Command:"/usr/bin/make" "cmTC_caaac/fast"
/usr/bin/make -f CMakeFiles/cmTC_caaac.dir/build.make CMakeFiles/cmTC_caaac.dir/build
make[1]: Entering directory '/home/hcr-student/hcr/human_centered_robotics/catkin_ws/build/CMakeFiles/CMakeTmp'
Building C object CMakeFiles/cmTC_caaac.dir/CheckFunctionExists.c.o
/usr/bin/cc   -DCHECK_FUNCTION_EXISTS=pthread_create   -o CMakeFiles/cmTC_caaac.dir/CheckFunctionExists.c.o   -c /usr/share/cmake-3.10/Modules/CheckFunctionExists.c
Linking C executable cmTC_caaac
/usr/bin/cmake -E cmake_link_script CMakeFiles/cmTC_caaac.dir/link.txt --verbose=1
/usr/bin/cc  -DCHECK_FUNCTION_EXISTS=pthread_create    -rdynamic CMakeFiles/cmTC_caaac.dir/CheckFunctionExists.c.o  -o cmTC_caaac -lpthreads 
/usr/bin/ld: cannot find -lpthreads
collect2: error: ld returned 1 exit status
CMakeFiles/cmTC_caaac.dir/build.make:97: recipe for target 'cmTC_caaac' failed
make[1]: *** [cmTC_caaac] Error 1
make[1]: Leaving directory '/home/hcr-student/hcr/human_centered_robotics/catkin_ws/build/CMakeFiles/CMakeTmp'
Makefile:126: recipe for target 'cmTC_caaac/fast' failed
make: *** [cmTC_caaac/fast] Error 2


Determining if the pthread_create exist failed with the following output:
Change Dir: /home/hcr-student/hcr/human_centered_robotics/catkin_ws/build/CMakeFiles/CMakeTmp

Run Build Command:"/usr/bin/make" "cmTC_844fd/fast"
/usr/bin/make -f CMakeFiles/cmTC_844fd.dir/build.make CMakeFiles/cmTC_844fd.dir/build
make[1]: Entering directory '/home/hcr-student/hcr/human_centered_robotics/catkin_ws/build/CMakeFiles/CMakeTmp'
Building C object CMakeFiles/cmTC_844fd.dir/CheckSymbolExists.c.o
/usr/bin/cc    -o CMakeFiles/cmTC_844fd.dir/CheckSymbolExists.c.o   -c /home/hcr-student/hcr/human_centered_robotics/catkin_ws/build/CMakeFiles/CMakeTmp/CheckSymbolExists.c
Linking C executable cmTC_844fd
/usr/bin/cmake -E cmake_link_script CMakeFiles/cmTC_844fd.dir/link.txt --verbose=1
/usr/bin/cc      -rdynamic CMakeFiles/cmTC_844fd.dir/CheckSymbolExists.c.o  -o cmTC_844fd 
CMakeFiles/cmTC_844fd.dir/CheckSymbolExists.c.o: In function `main':
CheckSymbolExists.c:(.text+0x1b): undefined reference to `pthread_create'
collect2: error: ld returned 1 exit status
CMakeFiles/cmTC_844fd.dir/build.make:97: recipe for target 'cmTC_844fd' failed
make[1]: *** [cmTC_844fd] Error 1
make[1]: Leaving directory '/home/hcr-student/hcr/human_centered_robotics/catkin_ws/build/CMakeFiles/CMakeTmp'
Makefile:126: recipe for target 'cmTC_844fd/fast' failed
make: *** [cmTC_844fd/fast] Error 2

File /home/hcr-student/hcr/human_centered_robotics/catkin_ws/build/CMakeFiles/CMakeTmp/CheckSymbolExists.c:
/* */
#include <pthread.h>

int main(int argc, char** argv)
{
  (void)argv;
#ifndef pthread_create
  return ((int*)(&pthread_create))[argc];
#else
  (void)argc;
  return 0;
#endif
}

Determining if the function pthread_create exists in the pthreads failed with the following output:
Change Dir: /home/hcr-student/hcr/human_centered_robotics/catkin_ws/build/CMakeFiles/CMakeTmp

Run Build Command:"/usr/bin/make" "cmTC_0808f/fast"
/usr/bin/make -f CMakeFiles/cmTC_0808f.dir/build.make CMakeFiles/cmTC_0808f.dir/build
make[1]: Entering directory '/home/hcr-student/hcr/human_centered_robotics/catkin_ws/build/CMakeFiles/CMakeTmp'
Building C object CMakeFiles/cmTC_0808f.dir/CheckFunctionExists.c.o
/usr/bin/cc   -DCHECK_FUNCTION_EXISTS=pthread_create   -o CMakeFiles/cmTC_0808f.dir/CheckFunctionExists.c.o   -c /usr/share/cmake-3.10/Modules/CheckFunctionExists.c
Linking C executable cmTC_0808f
/usr/bin/cmake -E cmake_link_script CMakeFiles/cmTC_0808f.dir/link.txt --verbose=1
/usr/bin/cc  -DCHECK_FUNCTION_EXISTS=pthread_create    -rdynamic CMakeFiles/cmTC_0808f.dir/CheckFunctionExists.c.o  -o cmTC_0808f -lpthreads 
/usr/bin/ld: cannot find -lpthreads
collect2: error: ld returned 1 exit status
CMakeFiles/cmTC_0808f.dir/build.make:97: recipe for target 'cmTC_0808f' failed
make[1]: *** [cmTC_0808f] Error 1
make[1]: Leaving directory '/home/hcr-student/hcr/human_centered_robotics/catkin_ws/build/CMakeFiles/CMakeTmp'
Makefile:126: recipe for target 'cmTC_0808f/fast' failed
make: *** [cmTC_0808f/fast] Error 2


